\o Program:		@(#)$CDS: libManager version 6.1.7 - CAT35 03/14/2018 00:53 (sjfhw314) $
\o Sub version:		sub-version  s191 
\o Arguments:		-unmapped -mpssession virtuoso79612 -mpshost compute-srv2.eda.atme.in 
\o Working Directory:	compute-srv2.eda.atme.in:/home/vv2trainee8/Desktop/Sourabh/Layout
\o 64-bit offsets
\o Qt version: 		4.8.5
\o changeWorkingDir("/home/vv2trainee8/Desktop/Sourabh/Layout") unnecessary.
\o ddSetForcedLib("") unnecessary.
\o Log file is "/home/vv2trainee8/Desktop/Sourabh/Layout/libManager.log".
\o Opening libManager window.
\a nrSetWindowVisibility(cdsLibManager "show")
\o MPS service: map window
\o Library Manager customization server connected.
\a nrSetCurrentWindow(cdsLibManager)
\w Warning: LIB inv from File /home/vv2trainee8/Desktop/Sourabh/Layout/cds.lib Line 14 redefines
\w LIB inv from the same file (defined earlier.)
\w Warning: LIB avTech from File /home/vv2trainee8/Desktop/Sourabh/Layout/cds.lib Line 16 redefines
\w LIB avTech from the same file (defined earlier.)
\w Warning: The directory: '/home/vv2trainee8/Desktop/Sourabh/Layout/stdsd' does not exist
\w 	but was defined in libFile '/home/vv2trainee8/Desktop/Sourabh/Layout/cds.lib' for Lib 'stdsd'.
\w Warning: The directory: '/tools/cadence/FOUNDRY/analog/45nm/gpdk045' does not exist
\w 	but was defined in libFile '/home/vv2trainee8/Desktop/Sourabh/Layout/cds.lib' for Lib 'gpdk045'.
\w Warning: The directory: '/home/vv2trainee8/Desktop/Sourabh/Layout/&ANALOG/180nm/libs.oa22/gpdk180' does not exist
\w 	but was defined in libFile '/home/vv2trainee8/Desktop/Sourabh/Layout/cds.lib' for Lib 'gpdk180'.
\w Warning: The directory: '/home/vv2trainee8/Desktop/Sourabh/Layout/&ANALOG/90nm/libs.oa22/gpdk090' does not exist
\w 	but was defined in libFile '/home/vv2trainee8/Desktop/Sourabh/Layout/cds.lib' for Lib 'gpdk090'.
\a nrResizeWindow(cdsLibManager list(140 62 1024 489))
\a _lmgrCloseIconify("cdsLibManager" 1)
\w Warning: LIB inv from File /home/vv2trainee8/Desktop/Sourabh/Layout/cds.lib Line 14 redefines
\w LIB inv from the same file (defined earlier.)
\w Warning: LIB avTech from File /home/vv2trainee8/Desktop/Sourabh/Layout/cds.lib Line 16 redefines
\w LIB avTech from the same file (defined earlier.)
\w Warning: The directory: '/home/vv2trainee8/Desktop/Sourabh/Layout/stdsd' does not exist
\w 	but was defined in libFile '/home/vv2trainee8/Desktop/Sourabh/Layout/cds.lib' for Lib 'stdsd'.
\w Warning: The directory: '/tools/cadence/FOUNDRY/analog/45nm/gpdk045' does not exist
\w 	but was defined in libFile '/home/vv2trainee8/Desktop/Sourabh/Layout/cds.lib' for Lib 'gpdk045'.
\w Warning: The directory: '/home/vv2trainee8/Desktop/Sourabh/Layout/&ANALOG/180nm/libs.oa22/gpdk180' does not exist
\w 	but was defined in libFile '/home/vv2trainee8/Desktop/Sourabh/Layout/cds.lib' for Lib 'gpdk180'.
\w Warning: The directory: '/home/vv2trainee8/Desktop/Sourabh/Layout/&ANALOG/90nm/libs.oa22/gpdk090' does not exist
\w 	but was defined in libFile '/home/vv2trainee8/Desktop/Sourabh/Layout/cds.lib' for Lib 'gpdk090'.
\w Warning: LIB inv from File /home/vv2trainee8/Desktop/Sourabh/Layout/cds.lib Line 14 redefines
\w LIB inv from the same file (defined earlier.)
\w Warning: LIB avTech from File /home/vv2trainee8/Desktop/Sourabh/Layout/cds.lib Line 16 redefines
\w LIB avTech from the same file (defined earlier.)
\w Warning: The directory: '/home/vv2trainee8/Desktop/Sourabh/Layout/stdsd' does not exist
\w 	but was defined in libFile '/home/vv2trainee8/Desktop/Sourabh/Layout/cds.lib' for Lib 'stdsd'.
\w Warning: The directory: '/tools/cadence/FOUNDRY/analog/45nm/gpdk045' does not exist
\w 	but was defined in libFile '/home/vv2trainee8/Desktop/Sourabh/Layout/cds.lib' for Lib 'gpdk045'.
\w Warning: The directory: '/home/vv2trainee8/Desktop/Sourabh/Layout/&ANALOG/180nm/libs.oa22/gpdk180' does not exist
\w 	but was defined in libFile '/home/vv2trainee8/Desktop/Sourabh/Layout/cds.lib' for Lib 'gpdk180'.
\w Warning: The directory: '/home/vv2trainee8/Desktop/Sourabh/Layout/&ANALOG/90nm/libs.oa22/gpdk090' does not exist
\w 	but was defined in libFile '/home/vv2trainee8/Desktop/Sourabh/Layout/cds.lib' for Lib 'gpdk090'.
\a nrSetCurrentWindow(cdsLibManager)
\a lmgrLogShowPopup("mainListPopup0" 97 121 2 "")
\a cdsLibManager->FileNewLibButton->value = t
\a nrSetWindowVisibility(NewLibShell "show")
\a NewLibShell->QLineEdit2->value = "/home/vv2trainee8/Desktop/Sourabh/Layout/"
\a nrSetCurrentWindow(cdsLibManager)
\a nrSetCurrentWindow(NewLibShell)
\a nrSetCurrentWindow(NewLibShell->subDialog)
\a nrResizeWindow(NewLibShell list(399 39 507 559))
\a nrSetCurrentWindow(NewLibShell)
\a nrSetCurrentWindow(NewLibShell->subDialog)
\a nrSetCurrentWindow(NewLibShell)
\a nrSetCurrentWindow(NewLibShell->subDialog)
\a nrSetCurrentWindow(cdsLibManager)
\a _lmgrCloseIconify("cdsLibManager" 1)
\w Warning: LIB inv from File /home/vv2trainee8/Desktop/Sourabh/Layout/cds.lib Line 14 redefines
\w LIB inv from the same file (defined earlier.)
\w Warning: LIB avTech from File /home/vv2trainee8/Desktop/Sourabh/Layout/cds.lib Line 16 redefines
\w LIB avTech from the same file (defined earlier.)
\w Warning: The directory: '/home/vv2trainee8/Desktop/Sourabh/Layout/stdsd' does not exist
\w 	but was defined in libFile '/home/vv2trainee8/Desktop/Sourabh/Layout/cds.lib' for Lib 'stdsd'.
\w Warning: The directory: '/tools/cadence/FOUNDRY/analog/45nm/gpdk045' does not exist
\w 	but was defined in libFile '/home/vv2trainee8/Desktop/Sourabh/Layout/cds.lib' for Lib 'gpdk045'.
\w Warning: The directory: '/home/vv2trainee8/Desktop/Sourabh/Layout/&ANALOG/180nm/libs.oa22/gpdk180' does not exist
\w 	but was defined in libFile '/home/vv2trainee8/Desktop/Sourabh/Layout/cds.lib' for Lib 'gpdk180'.
\w Warning: The directory: '/home/vv2trainee8/Desktop/Sourabh/Layout/&ANALOG/90nm/libs.oa22/gpdk090' does not exist
\w 	but was defined in libFile '/home/vv2trainee8/Desktop/Sourabh/Layout/cds.lib' for Lib 'gpdk090'.
\a nrSetCurrentWindow(cdsLibManager)
\a nrSetCurrentWindow(cdsLibManager)
\a nrSetCurrentWindow(cdsLibManager)
\a nrSetCurrentWindow(cdsLibManager)
\w Warning: LIB inv from File /home/vv2trainee8/Desktop/Sourabh/Layout/cds.lib Line 14 redefines
\w LIB inv from the same file (defined earlier.)
\w Warning: LIB avTech from File /home/vv2trainee8/Desktop/Sourabh/Layout/cds.lib Line 16 redefines
\w LIB avTech from the same file (defined earlier.)
\w Warning: The directory: '/home/vv2trainee8/Desktop/Sourabh/Layout/stdsd' does not exist
\w 	but was defined in libFile '/home/vv2trainee8/Desktop/Sourabh/Layout/cds.lib' for Lib 'stdsd'.
\w Warning: The directory: '/tools/cadence/FOUNDRY/analog/45nm/gpdk045' does not exist
\w 	but was defined in libFile '/home/vv2trainee8/Desktop/Sourabh/Layout/cds.lib' for Lib 'gpdk045'.
\w Warning: The directory: '/home/vv2trainee8/Desktop/Sourabh/Layout/&ANALOG/180nm/libs.oa22/gpdk180' does not exist
\w 	but was defined in libFile '/home/vv2trainee8/Desktop/Sourabh/Layout/cds.lib' for Lib 'gpdk180'.
\w Warning: The directory: '/home/vv2trainee8/Desktop/Sourabh/Layout/&ANALOG/90nm/libs.oa22/gpdk090' does not exist
\w 	but was defined in libFile '/home/vv2trainee8/Desktop/Sourabh/Layout/cds.lib' for Lib 'gpdk090'.
\a nrSetCurrentWindow(cdsLibManager)
\a _lmgrCloseIconify("cdsLibManager" 1)
\o MPS service: shutdown
\o libManager is exiting.
\a nrSetWindowVisibility(cdsLibManager "hide")
\a exit(0)
