================================================================================
Rule No. 221 : psubstrate_StampErrorFloat

Real Error Count : 1; Flat Error Count : 1
================================================================================

--------------------------------------------------------------------------------
Cell Name : ADDHX4 layout ADDHX4

                   Cell Errors    Real Errors   Cell Placements     Environments
                             1              1                 1                1
--------------------------------------------------------------------------------
Env.  Env. Placements            X1           Y1          X2           Y2

  1        1                  0.000       -0.050       4.235        1.400

Shape               Environments Status & Error Marker 

          1           X1         Y1         X2         Y2

   1      X        0.000     -0.050      4.235      1.400

================================================================================
Rule No. 227 : nwell_conn_StampErrorFloat

Real Error Count : 1; Flat Error Count : 1
================================================================================

--------------------------------------------------------------------------------
Cell Name : ADDHX4 layout ADDHX4

                   Cell Errors    Real Errors   Cell Placements     Environments
                             1              1                 1                1
--------------------------------------------------------------------------------
Env.  Env. Placements            X1           Y1          X2           Y2

  1        1                  0.000        0.675       4.235        1.350

Shape               Environments Status & Error Marker 

          1           X1         Y1         X2         Y2

   1      X        0.000      0.675      4.235      1.350

================================================================================
Rule No. 678 : LATCHUP.1: The maximum distance from any point in a P+ source/drain Active Area to the nearest Nwell pick-up in the same Nwell >= 20.0 um

Real Error Count : 20; Flat Error Count : 20
================================================================================

--------------------------------------------------------------------------------
Cell Name : ADDHX4 layout ADDHX4

                   Cell Errors    Real Errors   Cell Placements     Environments
                            20             20                 1                1
--------------------------------------------------------------------------------
Env.  Env. Placements            X1           Y1          X2           Y2

  1        1                  0.080        0.775       4.165        1.220

Shape               Environments Status & Error Marker 

          1           X1         Y1         X2         Y2

   1      X        0.080      0.775      0.220      1.220
   2      X        0.270      0.775      0.430      1.220
   3      X        0.480      0.775      0.640      1.220
   4      X        0.690      0.775      0.850      1.220
   5      X        0.900      0.775      1.060      1.220
   6      X        1.110      0.775      1.250      1.220
   7      X        1.330      0.775      1.470      1.220
   8      X        1.520      0.775      1.680      1.220
   9      X        1.730      0.775      1.890      1.220
  10      X        1.940      0.775      2.100      1.220
  11      X        2.150      0.775      2.295      1.220
  12      X        2.375      0.775      2.515      1.220
  13      X        2.565      0.775      2.705      1.220
  14      X        2.785      0.775      2.925      1.220
  15      X        2.975      0.775      3.135      1.220
  16      X        3.185      0.775      3.345      1.220
  17      X        3.395      0.775      3.555      1.220
  18      X        3.605      0.775      3.765      1.220
  19      X        3.815      0.775      3.975      1.220
  20      X        4.025      0.775      4.165      1.220

================================================================================
Rule No. 679 : LATCHUP.2: The maximum distance from any point in a N+ source/drain Active Area to the nearest Psub pick-up in the same Psub >= 20.0 um

Real Error Count : 20; Flat Error Count : 20
================================================================================

--------------------------------------------------------------------------------
Cell Name : ADDHX4 layout ADDHX4

                   Cell Errors    Real Errors   Cell Placements     Environments
                            20             20                 1                1
--------------------------------------------------------------------------------
Env.  Env. Placements            X1           Y1          X2           Y2

  1        1                  0.080        0.130       4.165        0.515

Shape               Environments Status & Error Marker 

          1           X1         Y1         X2         Y2

   1      X        0.080      0.130      0.220      0.515
   2      X        0.270      0.130      0.430      0.515
   3      X        0.480      0.130      0.640      0.515
   4      X        0.690      0.130      0.850      0.515
   5      X        0.900      0.130      1.060      0.515
   6      X        1.110      0.130      1.250      0.515
   7      X        1.330      0.130      1.470      0.515
   8      X        1.520      0.130      1.680      0.515
   9      X        1.730      0.130      1.890      0.515
  10      X        1.940      0.130      2.100      0.515
  11      X        2.150      0.130      2.295      0.515
  12      X        2.375      0.130      2.515      0.515
  13      X        2.565      0.130      2.705      0.515
  14      X        2.785      0.130      2.925      0.515
  15      X        2.975      0.130      3.135      0.515
  16      X        3.185      0.130      3.345      0.515
  17      X        3.395      0.130      3.555      0.515
  18      X        3.605      0.130      3.765      0.515
  19      X        3.815      0.130      3.975      0.515
  20      X        4.025      0.130      4.165      0.515

