================================================================================
Rule No. 9 : pwell_StampErrorFloat

Real Error Count : 1; Flat Error Count : 1
================================================================================

--------------------------------------------------------------------------------
Cell Name : AOI211X4 layout AOI211X4

                   Cell Errors    Real Errors   Cell Placements     Environments
                             1              1                 1                1
--------------------------------------------------------------------------------
Env.  Env. Placements            X1           Y1          X2           Y2

  1        1                  0.000       -0.050       3.630        1.400

Shape               Environments Status & Error Marker 

          1           X1         Y1         X2         Y2

   1      X        0.000     -0.050      3.630      1.400

================================================================================
Rule No. 15 : nwell_conn_StampErrorFloat

Real Error Count : 1; Flat Error Count : 1
================================================================================

--------------------------------------------------------------------------------
Cell Name : AOI211X4 layout AOI211X4

                   Cell Errors    Real Errors   Cell Placements     Environments
                             1              1                 1                1
--------------------------------------------------------------------------------
Env.  Env. Placements            X1           Y1          X2           Y2

  1        1                  0.000        0.675       3.630        1.350

Shape               Environments Status & Error Marker 

          1           X1         Y1         X2         Y2

   1      X        0.000      0.675      3.630      1.350

================================================================================
Rule No. 27 : pwell_StampErrorFloat

Real Error Count : 1; Flat Error Count : 1
================================================================================

--------------------------------------------------------------------------------
Cell Name : AOI211X4 layout AOI211X4

                   Cell Errors    Real Errors   Cell Placements     Environments
                             1              1                 1                1
--------------------------------------------------------------------------------
Env.  Env. Placements            X1           Y1          X2           Y2

  1        1                  0.000       -0.050       3.630        1.400

Shape               Environments Status & Error Marker 

          1           X1         Y1         X2         Y2

   1      X        0.000     -0.050      3.630      1.400

================================================================================
Rule No. 33 : nwell_conn_StampErrorFloat

Real Error Count : 1; Flat Error Count : 1
================================================================================

--------------------------------------------------------------------------------
Cell Name : AOI211X4 layout AOI211X4

                   Cell Errors    Real Errors   Cell Placements     Environments
                             1              1                 1                1
--------------------------------------------------------------------------------
Env.  Env. Placements            X1           Y1          X2           Y2

  1        1                  0.000        0.675       3.630        1.350

Shape               Environments Status & Error Marker 

          1           X1         Y1         X2         Y2

   1      X        0.000      0.675      3.630      1.350

