\o Program:		@(#)$CDS: libManager version 6.1.7 - CAT35 03/14/2018 00:53 (sjfhw314) $
\o Sub version:		sub-version  s191 
\o Arguments:		-unmapped -mpssession virtuoso78255 -mpshost compute-srv2.eda.atme.in 
\o Working Directory:	compute-srv2.eda.atme.in:/home/vv2trainee8/Desktop/Sourabh/Layout/std_cell
\o 64-bit offsets
\o Qt version: 		4.8.5
\o changeWorkingDir("/home/vv2trainee8/Desktop/Sourabh/Layout/std_cell") unnecessary.
\o ddSetForcedLib("") unnecessary.
\o Log file is "/home/vv2trainee8/Desktop/Sourabh/Layout/std_cell/libManager.log".
\o Opening libManager window.
\a nrSetWindowVisibility(cdsLibManager "show")
\o MPS service: map window
\o Library Manager customization server connected.
\a nrSetCurrentWindow(cdsLibManager)
\w Warning: The directory: '/home/install/FOUNDRY/rfLib_new' does not exist
\w 	but was defined in libFile '/tools/cadence/FOUNDRY/cds.lib' for Lib 'rfLib_new'.
\a nrResizeWindow(cdsLibManager list(150 70 1024 489))
\a _lmgrCloseIconify("cdsLibManager" 1)
\w Warning: The directory: '/home/install/FOUNDRY/rfLib_new' does not exist
\w 	but was defined in libFile '/tools/cadence/FOUNDRY/cds.lib' for Lib 'rfLib_new'.
\w Warning: The directory: '/home/install/FOUNDRY/rfLib_new' does not exist
\w 	but was defined in libFile '/tools/cadence/FOUNDRY/cds.lib' for Lib 'rfLib_new'.
\w Warning: The directory: '/home/install/FOUNDRY/rfLib_new' does not exist
\w 	but was defined in libFile '/tools/cadence/FOUNDRY/cds.lib' for Lib 'rfLib_new'.
\w Warning: The directory: '/home/install/FOUNDRY/rfLib_new' does not exist
\w 	but was defined in libFile '/tools/cadence/FOUNDRY/cds.lib' for Lib 'rfLib_new'.
\w Warning: The directory: '/home/install/FOUNDRY/rfLib_new' does not exist
\w 	but was defined in libFile '/tools/cadence/FOUNDRY/cds.lib' for Lib 'rfLib_new'.
\a nrSetCurrentWindow(cdsLibManager)
\a _lmgrCloseIconify("cdsLibManager" 1)
\a nrSetCurrentWindow(cdsLibManager)
\a _lmgrCloseIconify("cdsLibManager" 1)
\a nrSetCurrentWindow(cdsLibManager)
\a _lmgrCloseIconify("cdsLibManager" 1)
\a nrSetCurrentWindow(cdsLibManager)
\a _lmgrCloseIconify("cdsLibManager" 1)
\a nrSetCurrentWindow(cdsLibManager)
\a _lmgrCloseIconify("cdsLibManager" 1)
\o MPS service: shutdown
\o libManager is exiting.
\a nrSetWindowVisibility(cdsLibManager "hide")
\a exit(0)
