================================================================================
Rule No. 221 : psubstrate_StampErrorFloat

Real Error Count : 1; Flat Error Count : 1
================================================================================

--------------------------------------------------------------------------------
Cell Name : NAND4X2 layout NAND4X2

                   Cell Errors    Real Errors   Cell Placements     Environments
                             1              1                 1                1
--------------------------------------------------------------------------------
Env.  Env. Placements            X1           Y1          X2           Y2

  1        1                  0.000       -0.050       1.950        1.400

Shape               Environments Status & Error Marker 

          1           X1         Y1         X2         Y2

   1      X        0.000     -0.050      1.950      1.400

================================================================================
Rule No. 227 : nwell_conn_StampErrorFloat

Real Error Count : 1; Flat Error Count : 1
================================================================================

--------------------------------------------------------------------------------
Cell Name : NAND4X2 layout NAND4X2

                   Cell Errors    Real Errors   Cell Placements     Environments
                             1              1                 1                1
--------------------------------------------------------------------------------
Env.  Env. Placements            X1           Y1          X2           Y2

  1        1                  0.000        0.675       1.950        1.350

Shape               Environments Status & Error Marker 

          1           X1         Y1         X2         Y2

   1      X        0.000      0.675      1.950      1.350

================================================================================
Rule No. 678 : LATCHUP.1: The maximum distance from any point in a P+ source/drain Active Area to the nearest Nwell pick-up in the same Nwell >= 20.0 um

Real Error Count : 9; Flat Error Count : 9
================================================================================

--------------------------------------------------------------------------------
Cell Name : NAND4X2 layout NAND4X2

                   Cell Errors    Real Errors   Cell Placements     Environments
                             9              9                 1                1
--------------------------------------------------------------------------------
Env.  Env. Placements            X1           Y1          X2           Y2

  1        1                  0.080        0.775       1.880        1.220

Shape               Environments Status & Error Marker 

          1           X1         Y1         X2         Y2

   1      X        0.080      0.775      0.220      1.220
   2      X        0.270      0.775      0.430      1.220
   3      X        0.480      0.775      0.640      1.220
   4      X        0.690      0.775      0.850      1.220
   5      X        0.900      0.775      1.060      1.220
   6      X        1.110      0.775      1.270      1.220
   7      X        1.320      0.775      1.480      1.220
   8      X        1.530      0.775      1.690      1.220
   9      X        1.740      0.775      1.880      1.220

================================================================================
Rule No. 679 : LATCHUP.2: The maximum distance from any point in a N+ source/drain Active Area to the nearest Psub pick-up in the same Psub >= 20.0 um

Real Error Count : 9; Flat Error Count : 9
================================================================================

--------------------------------------------------------------------------------
Cell Name : NAND4X2 layout NAND4X2

                   Cell Errors    Real Errors   Cell Placements     Environments
                             9              9                 1                1
--------------------------------------------------------------------------------
Env.  Env. Placements            X1           Y1          X2           Y2

  1        1                  0.080        0.130       1.880        0.515

Shape               Environments Status & Error Marker 

          1           X1         Y1         X2         Y2

   1      X        0.080      0.130      0.220      0.515
   2      X        0.270      0.130      0.430      0.515
   3      X        0.480      0.130      0.640      0.515
   4      X        0.690      0.130      0.850      0.515
   5      X        0.900      0.130      1.060      0.515
   6      X        1.110      0.130      1.270      0.515
   7      X        1.320      0.130      1.480      0.515
   8      X        1.530      0.130      1.690      0.515
   9      X        1.740      0.130      1.880      0.515

