================================================================================
Rule No. 221 : psubstrate_StampErrorFloat

Real Error Count : 1; Flat Error Count : 1
================================================================================

--------------------------------------------------------------------------------
Cell Name : NAND3X1 layout NAND3X1

                   Cell Errors    Real Errors   Cell Placements     Environments
                             1              1                 1                1
--------------------------------------------------------------------------------
Env.  Env. Placements            X1           Y1          X2           Y2

  1        1                  0.000       -0.050       0.900        1.400

Shape               Environments Status & Error Marker 

          1           X1         Y1         X2         Y2

   1      X        0.000     -0.050      0.900      1.400

================================================================================
Rule No. 227 : nwell_conn_StampErrorFloat

Real Error Count : 1; Flat Error Count : 1
================================================================================

--------------------------------------------------------------------------------
Cell Name : NAND3X1 layout NAND3X1

                   Cell Errors    Real Errors   Cell Placements     Environments
                             1              1                 1                1
--------------------------------------------------------------------------------
Env.  Env. Placements            X1           Y1          X2           Y2

  1        1                  0.000        0.675       0.900        1.350

Shape               Environments Status & Error Marker 

          1           X1         Y1         X2         Y2

   1      X        0.000      0.675      0.900      1.350

================================================================================
Rule No. 678 : LATCHUP.1: The maximum distance from any point in a P+ source/drain Active Area to the nearest Nwell pick-up in the same Nwell >= 20.0 um

Real Error Count : 4; Flat Error Count : 4
================================================================================

--------------------------------------------------------------------------------
Cell Name : NAND3X1 layout NAND3X1

                   Cell Errors    Real Errors   Cell Placements     Environments
                             4              4                 1                1
--------------------------------------------------------------------------------
Env.  Env. Placements            X1           Y1          X2           Y2

  1        1                  0.080        0.775       0.830        1.220

Shape               Environments Status & Error Marker 

          1           X1         Y1         X2         Y2

   1      X        0.080      0.775      0.220      1.220
   2      X        0.270      0.775      0.430      1.220
   3      X        0.480      0.775      0.640      1.220
   4      X        0.690      0.775      0.830      1.220

================================================================================
Rule No. 679 : LATCHUP.2: The maximum distance from any point in a N+ source/drain Active Area to the nearest Psub pick-up in the same Psub >= 20.0 um

Real Error Count : 4; Flat Error Count : 4
================================================================================

--------------------------------------------------------------------------------
Cell Name : NAND3X1 layout NAND3X1

                   Cell Errors    Real Errors   Cell Placements     Environments
                             4              4                 1                1
--------------------------------------------------------------------------------
Env.  Env. Placements            X1           Y1          X2           Y2

  1        1                  0.080        0.130       0.830        0.515

Shape               Environments Status & Error Marker 

          1           X1         Y1         X2         Y2

   1      X        0.080      0.130      0.220      0.515
   2      X        0.270      0.130      0.430      0.515
   3      X        0.480      0.130      0.640      0.515
   4      X        0.690      0.130      0.830      0.515

