================================================================================
Rule No. 221 : psubstrate_StampErrorFloat

Real Error Count : 1; Flat Error Count : 1
================================================================================

--------------------------------------------------------------------------------
Cell Name : NOR3BX1 layout NOR3BX1

                   Cell Errors    Real Errors   Cell Placements     Environments
                             1              1                 1                1
--------------------------------------------------------------------------------
Env.  Env. Placements            X1           Y1          X2           Y2

  1        1                  0.000       -0.050       1.310        1.400

Shape               Environments Status & Error Marker 

          1           X1         Y1         X2         Y2

   1      X        0.000     -0.050      1.310      1.400

================================================================================
Rule No. 227 : nwell_conn_StampErrorFloat

Real Error Count : 1; Flat Error Count : 1
================================================================================

--------------------------------------------------------------------------------
Cell Name : NOR3BX1 layout NOR3BX1

                   Cell Errors    Real Errors   Cell Placements     Environments
                             1              1                 1                1
--------------------------------------------------------------------------------
Env.  Env. Placements            X1           Y1          X2           Y2

  1        1                  0.000        0.675       1.310        1.350

Shape               Environments Status & Error Marker 

          1           X1         Y1         X2         Y2

   1      X        0.000      0.675      1.310      1.350

================================================================================
Rule No. 678 : LATCHUP.1: The maximum distance from any point in a P+ source/drain Active Area to the nearest Nwell pick-up in the same Nwell >= 20.0 um

Real Error Count : 6; Flat Error Count : 6
================================================================================

--------------------------------------------------------------------------------
Cell Name : NOR3BX1 layout NOR3BX1

                   Cell Errors    Real Errors   Cell Placements     Environments
                             6              6                 1                1
--------------------------------------------------------------------------------
Env.  Env. Placements            X1           Y1          X2           Y2

  1        1                  0.080        0.775       1.240        1.220

Shape               Environments Status & Error Marker 

          1           X1         Y1         X2         Y2

   1      X        0.080      0.775      0.220      1.220
   2      X        0.270      0.775      0.410      1.220
   3      X        0.490      0.775      0.630      1.220
   4      X        0.680      0.775      0.840      1.220
   5      X        0.890      0.775      1.050      1.220
   6      X        1.100      0.775      1.240      1.220

================================================================================
Rule No. 679 : LATCHUP.2: The maximum distance from any point in a N+ source/drain Active Area to the nearest Psub pick-up in the same Psub >= 20.0 um

Real Error Count : 6; Flat Error Count : 6
================================================================================

--------------------------------------------------------------------------------
Cell Name : NOR3BX1 layout NOR3BX1

                   Cell Errors    Real Errors   Cell Placements     Environments
                             6              6                 1                1
--------------------------------------------------------------------------------
Env.  Env. Placements            X1           Y1          X2           Y2

  1        1                  0.080        0.130       1.240        0.515

Shape               Environments Status & Error Marker 

          1           X1         Y1         X2         Y2

   1      X        0.080      0.130      0.220      0.515
   2      X        0.270      0.130      0.410      0.515
   3      X        0.490      0.130      0.630      0.515
   4      X        0.680      0.130      0.840      0.515
   5      X        0.890      0.130      1.050      0.515
   6      X        1.100      0.130      1.240      0.515

