================================================================================
Rule No. 221 : psubstrate_StampErrorFloat

Real Error Count : 1; Flat Error Count : 1
================================================================================

--------------------------------------------------------------------------------
Cell Name : NOR4BX2 layout NOR4BX2

                   Cell Errors    Real Errors   Cell Placements     Environments
                             1              1                 1                1
--------------------------------------------------------------------------------
Env.  Env. Placements            X1           Y1          X2           Y2

  1        1                  0.000       -0.050       2.395        1.400

Shape               Environments Status & Error Marker 

          1           X1         Y1         X2         Y2

   1      X        0.000     -0.050      2.395      1.400

================================================================================
Rule No. 227 : nwell_conn_StampErrorFloat

Real Error Count : 1; Flat Error Count : 1
================================================================================

--------------------------------------------------------------------------------
Cell Name : NOR4BX2 layout NOR4BX2

                   Cell Errors    Real Errors   Cell Placements     Environments
                             1              1                 1                1
--------------------------------------------------------------------------------
Env.  Env. Placements            X1           Y1          X2           Y2

  1        1                  0.000        0.675       2.395        1.350

Shape               Environments Status & Error Marker 

          1           X1         Y1         X2         Y2

   1      X        0.000      0.675      2.395      1.350

================================================================================
Rule No. 678 : LATCHUP.1: The maximum distance from any point in a P+ source/drain Active Area to the nearest Nwell pick-up in the same Nwell >= 20.0 um

Real Error Count : 11; Flat Error Count : 11
================================================================================

--------------------------------------------------------------------------------
Cell Name : NOR4BX2 layout NOR4BX2

                   Cell Errors    Real Errors   Cell Placements     Environments
                            11             11                 1                1
--------------------------------------------------------------------------------
Env.  Env. Placements            X1           Y1          X2           Y2

  1        1                  0.080        0.775       2.320        1.220

Shape               Environments Status & Error Marker 

          1           X1         Y1         X2         Y2

   1      X        0.080      0.775      0.220      1.220
   2      X        0.270      0.775      0.435      1.220
   3      X        0.485      0.775      0.645      1.220
   4      X        0.695      0.775      0.855      1.220
   5      X        0.905      0.775      1.065      1.220
   6      X        1.115      0.775      1.275      1.220
   7      X        1.325      0.775      1.500      1.220
   8      X        1.550      0.775      1.710      1.220
   9      X        1.760      0.775      1.920      1.220
  10      X        1.970      0.775      2.130      1.220
  11      X        2.180      0.775      2.320      1.220

================================================================================
Rule No. 679 : LATCHUP.2: The maximum distance from any point in a N+ source/drain Active Area to the nearest Psub pick-up in the same Psub >= 20.0 um

Real Error Count : 11; Flat Error Count : 11
================================================================================

--------------------------------------------------------------------------------
Cell Name : NOR4BX2 layout NOR4BX2

                   Cell Errors    Real Errors   Cell Placements     Environments
                            11             11                 1                1
--------------------------------------------------------------------------------
Env.  Env. Placements            X1           Y1          X2           Y2

  1        1                  0.080        0.130       2.320        0.515

Shape               Environments Status & Error Marker 

          1           X1         Y1         X2         Y2

   1      X        0.080      0.130      0.220      0.515
   2      X        0.270      0.130      0.435      0.515
   3      X        0.485      0.130      0.645      0.515
   4      X        0.695      0.130      0.855      0.515
   5      X        0.905      0.130      1.065      0.515
   6      X        1.115      0.130      1.275      0.515
   7      X        1.325      0.130      1.500      0.515
   8      X        1.550      0.130      1.710      0.515
   9      X        1.760      0.130      1.920      0.515
  10      X        1.970      0.130      2.130      0.515
  11      X        2.180      0.130      2.320      0.515

