================================================================================
Rule No. 221 : psubstrate_StampErrorFloat

Real Error Count : 1; Flat Error Count : 1
================================================================================

--------------------------------------------------------------------------------
Cell Name : OAl22X2 layout OAl222X2

                   Cell Errors    Real Errors   Cell Placements     Environments
                             1              1                 1                1
--------------------------------------------------------------------------------
Env.  Env. Placements            X1           Y1          X2           Y2

  1        1                  0.000        0.000       2.995        1.450

Shape               Environments Status & Error Marker 

          1           X1         Y1         X2         Y2

   1      X        0.000      0.000      2.995      1.450

================================================================================
Rule No. 227 : nwell_conn_StampErrorFloat

Real Error Count : 1; Flat Error Count : 1
================================================================================

--------------------------------------------------------------------------------
Cell Name : OAl22X2 layout OAl222X2

                   Cell Errors    Real Errors   Cell Placements     Environments
                             1              1                 1                1
--------------------------------------------------------------------------------
Env.  Env. Placements            X1           Y1          X2           Y2

  1        1                  0.000        0.725       2.995        1.400

Shape               Environments Status & Error Marker 

          1           X1         Y1         X2         Y2

   1      X        0.000      0.725      2.995      1.400

================================================================================
Rule No. 678 : LATCHUP.1: The maximum distance from any point in a P+ source/drain Active Area to the nearest Nwell pick-up in the same Nwell >= 20.0 um

Real Error Count : 14; Flat Error Count : 14
================================================================================

--------------------------------------------------------------------------------
Cell Name : OAl22X2 layout OAl222X2

                   Cell Errors    Real Errors   Cell Placements     Environments
                            14             14                 1                1
--------------------------------------------------------------------------------
Env.  Env. Placements            X1           Y1          X2           Y2

  1        1                  0.080        0.825       2.925        1.270

Shape               Environments Status & Error Marker 

          1           X1         Y1         X2         Y2

   1      X        0.080      0.825      0.220      1.270
   2      X        0.270      0.825      0.430      1.270
   3      X        0.480      0.825      0.640      1.270
   4      X        0.690      0.825      0.850      1.270
   5      X        0.900      0.825      1.060      1.270
   6      X        1.110      0.825      1.270      1.270
   7      X        1.320      0.825      1.480      1.270
   8      X        1.530      0.825      1.690      1.270
   9      X        1.740      0.825      1.880      1.270
  10      X        1.960      0.825      2.100      1.270
  11      X        2.150      0.825      2.310      1.270
  12      X        2.360      0.825      2.520      1.270
  13      X        2.570      0.825      2.730      1.270
  14      X        2.780      0.825      2.925      1.270

================================================================================
Rule No. 679 : LATCHUP.2: The maximum distance from any point in a N+ source/drain Active Area to the nearest Psub pick-up in the same Psub >= 20.0 um

Real Error Count : 14; Flat Error Count : 14
================================================================================

--------------------------------------------------------------------------------
Cell Name : OAl22X2 layout OAl222X2

                   Cell Errors    Real Errors   Cell Placements     Environments
                            14             14                 1                1
--------------------------------------------------------------------------------
Env.  Env. Placements            X1           Y1          X2           Y2

  1        1                  0.080        0.180       2.925        0.565

Shape               Environments Status & Error Marker 

          1           X1         Y1         X2         Y2

   1      X        0.080      0.180      0.220      0.565
   2      X        0.270      0.180      0.430      0.565
   3      X        0.480      0.180      0.640      0.565
   4      X        0.690      0.180      0.850      0.565
   5      X        0.900      0.180      1.060      0.565
   6      X        1.110      0.180      1.270      0.565
   7      X        1.320      0.180      1.480      0.565
   8      X        1.530      0.180      1.690      0.565
   9      X        1.740      0.180      1.880      0.565
  10      X        1.960      0.180      2.100      0.565
  11      X        2.150      0.180      2.310      0.565
  12      X        2.360      0.180      2.520      0.565
  13      X        2.570      0.180      2.730      0.565
  14      X        2.780      0.180      2.925      0.565

